2024/05/05 15:25:41 [notice] 1#1: using the "epoll" event method
2024/05/05 15:25:41 [notice] 1#1: nginx/1.25.5
2024/05/05 15:25:41 [notice] 1#1: built by gcc 13.2.1 20231014 (Alpine 13.2.1_git20231014) 
2024/05/05 15:25:41 [notice] 1#1: OS: Linux 5.15.146.1-microsoft-standard-WSL2
2024/05/05 15:25:41 [notice] 1#1: getrlimit(RLIMIT_NOFILE): 1048576:1048576
2024/05/05 15:25:41 [notice] 1#1: start worker processes
2024/05/05 15:25:41 [notice] 1#1: start worker process 8
2024/05/05 15:25:41 [notice] 1#1: start worker process 9
2024/05/05 15:25:41 [notice] 1#1: start worker process 10
2024/05/05 15:25:41 [notice] 1#1: start worker process 11
2024/05/05 15:25:41 [notice] 1#1: start worker process 12
2024/05/05 15:25:41 [notice] 1#1: start worker process 13
2024/05/05 15:25:41 [notice] 1#1: start worker process 14
2024/05/05 15:25:41 [notice] 1#1: start worker process 15
2024/05/05 15:25:41 [notice] 1#1: start worker process 16
2024/05/05 15:25:41 [notice] 1#1: start worker process 17
2024/05/05 15:25:41 [notice] 1#1: start worker process 18
2024/05/05 15:25:41 [notice] 1#1: start worker process 19
2024/05/05 15:43:44 [notice] 1#1: signal 3 (SIGQUIT) received, shutting down
2024/05/05 15:43:44 [notice] 8#8: gracefully shutting down
2024/05/05 15:43:44 [notice] 18#18: gracefully shutting down
2024/05/05 15:43:44 [notice] 9#9: gracefully shutting down
2024/05/05 15:43:44 [notice] 10#10: gracefully shutting down
2024/05/05 15:43:44 [notice] 11#11: gracefully shutting down
2024/05/05 15:43:44 [notice] 12#12: gracefully shutting down
2024/05/05 15:43:44 [notice] 13#13: gracefully shutting down
2024/05/05 15:43:44 [notice] 14#14: gracefully shutting down
2024/05/05 15:43:44 [notice] 15#15: gracefully shutting down
2024/05/05 15:43:44 [notice] 16#16: gracefully shutting down
2024/05/05 15:43:44 [notice] 17#17: gracefully shutting down
2024/05/05 15:43:44 [notice] 19#19: gracefully shutting down
2024/05/05 15:43:44 [notice] 8#8: exiting
2024/05/05 15:43:44 [notice] 18#18: exiting
2024/05/05 15:43:44 [notice] 9#9: exiting
2024/05/05 15:43:44 [notice] 18#18: exit
2024/05/05 15:43:44 [notice] 10#10: exiting
2024/05/05 15:43:44 [notice] 11#11: exiting
2024/05/05 15:43:44 [notice] 12#12: exiting
2024/05/05 15:43:44 [notice] 11#11: exit
2024/05/05 15:43:44 [notice] 13#13: exiting
2024/05/05 15:43:44 [notice] 14#14: exiting
2024/05/05 15:43:44 [notice] 13#13: exit
2024/05/05 15:43:44 [notice] 15#15: exiting
2024/05/05 15:43:44 [notice] 16#16: exiting
2024/05/05 15:43:44 [notice] 17#17: exiting
2024/05/05 15:43:44 [notice] 19#19: exiting
2024/05/05 15:43:44 [notice] 8#8: exit
2024/05/05 15:43:44 [notice] 9#9: exit
2024/05/05 15:43:44 [notice] 10#10: exit
2024/05/05 15:43:44 [notice] 12#12: exit
2024/05/05 15:43:44 [notice] 14#14: exit
2024/05/05 15:43:44 [notice] 15#15: exit
2024/05/05 15:43:44 [notice] 16#16: exit
2024/05/05 15:43:44 [notice] 17#17: exit
2024/05/05 15:43:44 [notice] 19#19: exit
2024/05/05 15:43:44 [notice] 1#1: signal 17 (SIGCHLD) received from 15
2024/05/05 15:43:44 [notice] 1#1: worker process 15 exited with code 0
2024/05/05 15:43:44 [notice] 1#1: worker process 18 exited with code 0
2024/05/05 15:43:44 [notice] 1#1: signal 29 (SIGIO) received
2024/05/05 15:43:44 [notice] 1#1: signal 17 (SIGCHLD) received from 12
2024/05/05 15:43:44 [notice] 1#1: worker process 8 exited with code 0
2024/05/05 15:43:44 [notice] 1#1: worker process 12 exited with code 0
2024/05/05 15:43:44 [notice] 1#1: worker process 13 exited with code 0
2024/05/05 15:43:44 [notice] 1#1: worker process 14 exited with code 0
2024/05/05 15:43:44 [notice] 1#1: worker process 16 exited with code 0
2024/05/05 15:43:44 [notice] 1#1: worker process 19 exited with code 0
2024/05/05 15:43:44 [notice] 1#1: signal 29 (SIGIO) received
2024/05/05 15:43:44 [notice] 1#1: signal 17 (SIGCHLD) received from 10
2024/05/05 15:43:44 [notice] 1#1: worker process 10 exited with code 0
2024/05/05 15:43:44 [notice] 1#1: signal 29 (SIGIO) received
2024/05/05 15:43:44 [notice] 1#1: signal 17 (SIGCHLD) received from 9
2024/05/05 15:43:44 [notice] 1#1: worker process 9 exited with code 0
2024/05/05 15:43:44 [notice] 1#1: worker process 11 exited with code 0
2024/05/05 15:43:44 [notice] 1#1: worker process 17 exited with code 0
2024/05/05 15:43:44 [notice] 1#1: exit
2024/05/05 15:45:05 [notice] 1#1: using the "epoll" event method
2024/05/05 15:45:05 [notice] 1#1: nginx/1.25.5
2024/05/05 15:45:05 [notice] 1#1: built by gcc 13.2.1 20231014 (Alpine 13.2.1_git20231014) 
2024/05/05 15:45:05 [notice] 1#1: OS: Linux 5.15.146.1-microsoft-standard-WSL2
2024/05/05 15:45:05 [notice] 1#1: getrlimit(RLIMIT_NOFILE): 1048576:1048576
2024/05/05 15:45:05 [notice] 1#1: start worker processes
2024/05/05 15:45:05 [notice] 1#1: start worker process 8
2024/05/05 15:45:05 [notice] 1#1: start worker process 9
2024/05/05 15:45:05 [notice] 1#1: start worker process 10
2024/05/05 15:45:05 [notice] 1#1: start worker process 11
2024/05/05 15:45:05 [notice] 1#1: start worker process 12
2024/05/05 15:45:05 [notice] 1#1: start worker process 13
2024/05/05 15:45:05 [notice] 1#1: start worker process 14
2024/05/05 15:45:05 [notice] 1#1: start worker process 15
2024/05/05 15:45:05 [notice] 1#1: start worker process 16
2024/05/05 15:45:05 [notice] 1#1: start worker process 17
2024/05/05 15:45:05 [notice] 1#1: start worker process 18
2024/05/05 15:45:05 [notice] 1#1: start worker process 19
2024/05/05 15:45:21 [notice] 1#1: signal 3 (SIGQUIT) received, shutting down
2024/05/05 15:45:21 [notice] 8#8: gracefully shutting down
2024/05/05 15:45:21 [notice] 17#17: gracefully shutting down
2024/05/05 15:45:21 [notice] 9#9: gracefully shutting down
2024/05/05 15:45:21 [notice] 10#10: gracefully shutting down
2024/05/05 15:45:21 [notice] 11#11: gracefully shutting down
2024/05/05 15:45:21 [notice] 12#12: gracefully shutting down
2024/05/05 15:45:21 [notice] 13#13: gracefully shutting down
2024/05/05 15:45:21 [notice] 14#14: gracefully shutting down
2024/05/05 15:45:21 [notice] 15#15: gracefully shutting down
2024/05/05 15:45:21 [notice] 16#16: gracefully shutting down
2024/05/05 15:45:21 [notice] 18#18: gracefully shutting down
2024/05/05 15:45:21 [notice] 19#19: gracefully shutting down
2024/05/05 15:45:21 [notice] 8#8: exiting
2024/05/05 15:45:21 [notice] 17#17: exiting
2024/05/05 15:45:21 [notice] 10#10: exiting
2024/05/05 15:45:21 [notice] 11#11: exiting
2024/05/05 15:45:21 [notice] 12#12: exiting
2024/05/05 15:45:21 [notice] 13#13: exiting
2024/05/05 15:45:21 [notice] 14#14: exiting
2024/05/05 15:45:21 [notice] 15#15: exiting
2024/05/05 15:45:21 [notice] 16#16: exiting
2024/05/05 15:45:21 [notice] 15#15: exit
2024/05/05 15:45:21 [notice] 18#18: exiting
2024/05/05 15:45:21 [notice] 19#19: exiting
2024/05/05 15:45:21 [notice] 8#8: exit
2024/05/05 15:45:21 [notice] 17#17: exit
2024/05/05 15:45:21 [notice] 10#10: exit
2024/05/05 15:45:21 [notice] 11#11: exit
2024/05/05 15:45:21 [notice] 12#12: exit
2024/05/05 15:45:21 [notice] 13#13: exit
2024/05/05 15:45:21 [notice] 14#14: exit
2024/05/05 15:45:21 [notice] 16#16: exit
2024/05/05 15:45:21 [notice] 18#18: exit
2024/05/05 15:45:21 [notice] 19#19: exit
2024/05/05 15:45:21 [notice] 1#1: signal 17 (SIGCHLD) received from 17
2024/05/05 15:45:21 [notice] 1#1: worker process 14 exited with code 0
2024/05/05 15:45:21 [notice] 1#1: worker process 17 exited with code 0
2024/05/05 15:45:21 [notice] 1#1: signal 29 (SIGIO) received
2024/05/05 15:45:21 [notice] 1#1: signal 17 (SIGCHLD) received from 11
2024/05/05 15:45:21 [notice] 1#1: worker process 10 exited with code 0
2024/05/05 15:45:21 [notice] 1#1: worker process 11 exited with code 0
2024/05/05 15:45:21 [notice] 1#1: worker process 13 exited with code 0
2024/05/05 15:45:21 [notice] 1#1: worker process 18 exited with code 0
2024/05/05 15:45:21 [notice] 1#1: signal 29 (SIGIO) received
2024/05/05 15:45:21 [notice] 1#1: signal 17 (SIGCHLD) received from 15
2024/05/05 15:45:21 [notice] 1#1: worker process 15 exited with code 0
2024/05/05 15:45:21 [notice] 1#1: worker process 12 exited with code 0
2024/05/05 15:45:21 [notice] 1#1: worker process 19 exited with code 0
2024/05/05 15:45:21 [notice] 1#1: signal 29 (SIGIO) received
2024/05/05 15:45:21 [notice] 1#1: signal 17 (SIGCHLD) received from 19
2024/05/05 15:45:21 [notice] 1#1: signal 17 (SIGCHLD) received from 16
2024/05/05 15:45:21 [notice] 1#1: worker process 8 exited with code 0
2024/05/05 15:45:21 [notice] 1#1: worker process 16 exited with code 0
2024/05/05 15:45:21 [notice] 1#1: signal 29 (SIGIO) received
2024/05/05 15:45:21 [notice] 1#1: signal 17 (SIGCHLD) received from 8
